Arguments: 
  /usr/bin/node /home/crow/.cache/node/corepack/yarn/1.22.19/bin/yarn.js init --ye

PATH: 
  /home/crow/.bun/bin:/home/crow/.yarn/bin:/home/crow/.config/yarn/global/node_modules/.bin:/home/crow/.airplane/bin:/home/crow/.fly/bin:/home/crow/bin:/usr/local/bin:/home/crow/.npm-bin/bin:/home/crow/.gem/ruby/2.6.0/bin:/home/crow/go/bin:/home/crow/Desktop/scripts:/home/crow/.gem/ruby/2.7.0/bin:/home/crow/.local/bin:/home/crow/.cargo/bin:/home/crow/.deno/bin:/home/crow/scripts:/home/crow/.bun/bin:/home/crow/.yarn/bin:/home/crow/.config/yarn/global/node_modules/.bin:/home/crow/.airplane/bin:/home/crow/.fly/bin:/home/crow/bin:/usr/local/bin:/home/crow/.npm-bin/bin:/home/crow/.gem/ruby/2.6.0/bin:/home/crow/go/bin:/home/crow/Desktop/scripts:/home/crow/.gem/ruby/2.7.0/bin:/home/crow/.local/bin:/home/crow/.cargo/bin:/home/crow/.deno/bin:/home/crow/scripts:/usr/condabin:/usr/local/sbin:/usr/local/bin:/usr/bin:/usr/lib/jvm/default/bin:/usr/bin/site_perl:/usr/bin/vendor_perl:/usr/bin/core_perl:/home/crow/Android/Sdk/emulator:/home/crow/Android/Sdk/tools:/home/crow/Android/Sdk/tools/bin:/home/crow/Android/Sdk/platform-tools:/home/crow/Android/Sdk/emulator:/home/crow/Android/Sdk/tools:/home/crow/Android/Sdk/tools/bin:/home/crow/Android/Sdk/platform-tools

Yarn version: 
  1.22.19

Node version: 
  18.18.0

Platform: 
  linux x64

Trace: 
  Error: canceled
      at Interface.<anonymous> (/home/crow/.cache/node/corepack/yarn/1.22.19/lib/cli.js:137150:13)
      at Interface.emit (node:events:517:28)
      at [_ttyWrite] [as _ttyWrite] (node:internal/readline/interface:1132:18)
      at ReadStream.onkeypress (node:internal/readline/interface:271:20)
      at ReadStream.emit (node:events:517:28)
      at emitKeys (node:internal/readline/utils:357:14)
      at emitKeys.next (<anonymous>)
      at ReadStream.onData (node:internal/readline/emitKeypressEvents:64:36)
      at ReadStream.emit (node:events:517:28)
      at addChunk (node:internal/streams/readable:335:12)

npm manifest: 
  No manifest

yarn manifest: 
  No manifest

Lockfile: 
  No lockfile
